<?xml version="1.0" encoding="UTF-8"?>
<!-- Generated by org.testng.reporters.JUnitReportReporter -->
<testsuite hostname="Admin" failures="0" tests="1" name="automation.testsuite.Day7_Test" time="0.057" errors="0" timestamp="2024-07-24T09:07:27 ICT" skipped="0">
  <testcase classname="automation.testsuite.Day7_Test" name="testcase_1" time="0.057"/>
  <system-out/>
</testsuite> <!-- automation.testsuite.Day7_Test -->
